Copyright 1986-2022 Xilinx, Inc. All Rights Reserved. Copyright 2022-2023 Advanced Micro Devices, Inc. All Rights Reserved.
-------------------------------------------------------------------------------------------------------------------------------------------------------------------------------------------------------------------------------------------------------------------------------------------------------------------
| Tool Version : Vivado v.2023.1 (lin64) Build 3865809 Sun May  7 15:04:56 MDT 2023
| Date         : Wed Apr 10 05:22:28 2024
| Host         : ab-razer running 64-bit Ubuntu 22.04.4 LTS
| Command      : report_utilization -file /home/ab/Documents/00_github_repos/00_GLay/alg_1_GLay_Single_1_4_hw_1048576_1_300000000Hz/02_device/xilinx_project_glay_kernel_GLay_Single_PR_5ba4c50c_a73442bd/vivado_glay_kernel.utils/utils.rpt/project_generate_utilization_post_post_route_phys_opt_utilization.rpt
| Design       : level0_wrapper
| Device       : xcu280-fsvh2892-2L-e
| Speed File   : -2L
| Design State : Physopt postRoute
-------------------------------------------------------------------------------------------------------------------------------------------------------------------------------------------------------------------------------------------------------------------------------------------------------------------

Utilization Design Information

Table of Contents
-----------------
1. CLB Logic
1.1 Summary of Registers by Type
2. CLB Logic Distribution
3. BLOCKRAM
4. ARITHMETIC
5. I/O
6. CLOCK
7. ADVANCED
8. CONFIGURATION
9. Primitives
10. Black Boxes
11. Instantiated Netlists
12. SLR Connectivity
13. SLR Connectivity Matrix
14. SLR CLB Logic and Dedicated Block Utilization
15. SLR IO Utilization

1. CLB Logic
------------

+----------------------------+--------+--------+------------+-----------+-------+
|          Site Type         |  Used  |  Fixed | Prohibited | Available | Util% |
+----------------------------+--------+--------+------------+-----------+-------+
| CLB LUTs                   | 259967 | 107629 |          0 |   1303680 | 19.94 |
|   LUT as Logic             | 184845 | 101652 |          0 |   1303680 | 14.18 |
|   LUT as Memory            |  75122 |   5977 |          0 |    600960 | 12.50 |
|     LUT as Distributed RAM |  46732 |   4564 |            |           |       |
|     LUT as Shift Register  |  28390 |   1413 |            |           |       |
| CLB Registers              | 380250 | 136086 |          0 |   2607360 | 14.58 |
|   Register as Flip Flop    | 380196 | 136082 |          0 |   2607360 | 14.58 |
|   Register as Latch        |      0 |      0 |          0 |   2607360 |  0.00 |
|   Register as AND/OR       |     54 |      4 |          0 |   2607360 | <0.01 |
| CARRY8                     |   2498 |    946 |          0 |    162960 |  1.53 |
| F7 Muxes                   |   3735 |   1683 |          0 |    651840 |  0.57 |
| F8 Muxes                   |    789 |    446 |          0 |    325920 |  0.24 |
| F9 Muxes                   |      0 |      0 |          0 |    162960 |  0.00 |
+----------------------------+--------+--------+------------+-----------+-------+
* Warning! LUT value is adjusted to account for LUT combining.


1.1 Summary of Registers by Type
--------------------------------

+--------+--------------+-------------+--------------+
|  Total | Clock Enable | Synchronous | Asynchronous |
+--------+--------------+-------------+--------------+
| 54     |            _ |           - |            - |
| 0      |            _ |           - |          Set |
| 0      |            _ |           - |        Reset |
| 0      |            _ |         Set |            - |
| 0      |            _ |       Reset |            - |
| 0      |          Yes |           - |            - |
| 498    |          Yes |           - |          Set |
| 4152   |          Yes |           - |        Reset |
| 7261   |          Yes |         Set |            - |
| 368285 |          Yes |       Reset |            - |
+--------+--------------+-------------+--------------+


2. CLB Logic Distribution
-------------------------

+--------------------------------------------+--------+--------+------------+-----------+-------+
|                  Site Type                 |  Used  |  Fixed | Prohibited | Available | Util% |
+--------------------------------------------+--------+--------+------------+-----------+-------+
| CLB                                        |  58237 |      0 |          0 |    162960 | 35.74 |
|   CLBL                                     |  29973 |      0 |            |           |       |
|   CLBM                                     |  28264 |      0 |            |           |       |
| LUT as Logic                               | 184845 | 101652 |          0 |   1303680 | 14.18 |
|   using O5 output only                     |   4674 |        |            |           |       |
|   using O6 output only                     | 138195 |        |            |           |       |
|   using O5 and O6                          |  41976 |        |            |           |       |
| LUT as Memory                              |  75122 |   5977 |          0 |    600960 | 12.50 |
|   LUT as Distributed RAM                   |  46732 |   4564 |            |           |       |
|     using O5 output only                   |      0 |        |            |           |       |
|     using O6 output only                   |  18138 |        |            |           |       |
|     using O5 and O6                        |  28594 |        |            |           |       |
|   LUT as Shift Register                    |  28390 |   1413 |            |           |       |
|     using O5 output only                   |     24 |        |            |           |       |
|     using O6 output only                   |  16706 |        |            |           |       |
|     using O5 and O6                        |  11660 |        |            |           |       |
| CLB Registers                              | 380250 |      0 |          0 |   2607360 | 14.58 |
|   Register driven from within the CLB      | 191018 |        |            |           |       |
|   Register driven from outside the CLB     | 189232 |        |            |           |       |
|     LUT in front of the register is unused | 139202 |        |            |           |       |
|     LUT in front of the register is used   |  50030 |        |            |           |       |
| Unique Control Sets                        |  10980 |        |          0 |    325920 |  3.37 |
+--------------------------------------------+--------+--------+------------+-----------+-------+
* * Note: Available Control Sets calculated as Slices * 2, Review the Control Sets Report for more information regarding control sets.


3. BLOCKRAM
-----------

+-------------------+-------+-------+------------+-----------+-------+
|     Site Type     |  Used | Fixed | Prohibited | Available | Util% |
+-------------------+-------+-------+------------+-----------+-------+
| Block RAM Tile    | 270.5 |     0 |          0 |      2016 | 13.42 |
|   RAMB36/FIFO*    |   268 |   193 |          0 |      2016 | 13.29 |
|     RAMB36E2 only |   268 |       |            |           |       |
|   RAMB18          |     5 |     5 |          0 |      4032 |  0.12 |
|     RAMB18E2 only |     5 |       |            |           |       |
| URAM              |    32 |     0 |          0 |       960 |  3.33 |
+-------------------+-------+-------+------------+-----------+-------+
* Note: Each Block RAM Tile only has one FIFO logic available and therefore can accommodate only one FIFO36E2 or one FIFO18E2. However, if a FIFO18E2 occupies a Block RAM Tile, that tile can still accommodate a RAMB18E2


4. ARITHMETIC
-------------

+----------------+------+-------+------------+-----------+-------+
|    Site Type   | Used | Fixed | Prohibited | Available | Util% |
+----------------+------+-------+------------+-----------+-------+
| DSPs           |   52 |     4 |          0 |      9024 |  0.58 |
|   DSP48E2 only |   52 |       |            |           |       |
+----------------+------+-------+------------+-----------+-------+


5. I/O
------

+------------------+------+-------+------------+-----------+-------+
|     Site Type    | Used | Fixed | Prohibited | Available | Util% |
+------------------+------+-------+------------+-----------+-------+
| Bonded IOB       |   16 |    16 |          0 |       624 |  2.56 |
| HPIOB_M          |    6 |     6 |          0 |       288 |  2.08 |
|   INPUT          |    4 |       |            |           |       |
|   OUTPUT         |    2 |       |            |           |       |
|   BIDIR          |    0 |       |            |           |       |
| HPIOB_S          |    8 |     8 |          0 |       288 |  2.78 |
|   INPUT          |    4 |       |            |           |       |
|   OUTPUT         |    4 |       |            |           |       |
|   BIDIR          |    0 |       |            |           |       |
| HPIOB_SNGL       |    2 |     2 |          0 |        48 |  4.17 |
|   INPUT          |    1 |       |            |           |       |
|   OUTPUT         |    1 |       |            |           |       |
|   BIDIR          |    0 |       |            |           |       |
| HPIOBDIFFINBUF   |    1 |     1 |          0 |       288 |  0.35 |
|   DIFFINBUF      |    1 |     1 |            |           |       |
| HPIOBDIFFOUTBUF  |    0 |     0 |          0 |       288 |  0.00 |
| BITSLICE_CONTROL |    0 |     0 |          0 |        96 |  0.00 |
| BITSLICE_RX_TX   |    0 |     0 |          0 |      3744 |  0.00 |
| BITSLICE_TX      |    0 |     0 |          0 |        96 |  0.00 |
| RIU_OR           |    0 |     0 |          0 |        48 |  0.00 |
+------------------+------+-------+------------+-----------+-------+


6. CLOCK
--------

+----------------------+------+-------+------------+-----------+-------+
|       Site Type      | Used | Fixed | Prohibited | Available | Util% |
+----------------------+------+-------+------------+-----------+-------+
| GLOBAL CLOCK BUFFERs |   43 |    32 |          0 |      1008 |  4.27 |
|   BUFGCE             |   16 |     5 |          0 |       288 |  5.56 |
|   BUFGCE_DIV         |    1 |     1 |          0 |        48 |  2.08 |
|   BUFG_GT            |   22 |    22 |          0 |       576 |  3.82 |
|   BUFGCTRL*          |    2 |     2 |          0 |        96 |  2.08 |
| PLL                  |    1 |     1 |          0 |        24 |  4.17 |
| MMCM                 |    3 |     1 |          0 |        12 | 25.00 |
+----------------------+------+-------+------------+-----------+-------+
* Note: Each used BUFGCTRL counts as two GLOBAL CLOCK BUFFERs. This table does not include global clocking resources, only buffer cell usage. See the Clock Utilization Report (report_clock_utilization) for detailed accounting of global clocking resource availability.


7. ADVANCED
-----------

+----------------------+------+-------+------------+-----------+-------+
|       Site Type      | Used | Fixed | Prohibited | Available | Util% |
+----------------------+------+-------+------------+-----------+-------+
| CMACE4               |    0 |     0 |          0 |         8 |  0.00 |
| GTYE4_CHANNEL        |   16 |    16 |          0 |        24 | 66.67 |
| GTYE4_COMMON         |    4 |     4 |          0 |         6 | 66.67 |
| HBM_REF_CLK          |    1 |     1 |          0 |         2 | 50.00 |
| HBM_SNGLBLI_INTF_APB |    1 |     1 |          0 |        32 |  3.13 |
| HBM_SNGLBLI_INTF_AXI |   16 |    16 |          0 |        32 | 50.00 |
| ILKNE4               |    0 |     0 |          0 |         4 |  0.00 |
| OBUFDS_GTE4          |    0 |     0 |          0 |        12 |  0.00 |
| OBUFDS_GTE4_ADV      |    0 |     0 |          0 |        12 |  0.00 |
| PCIE40E4             |    0 |     0 |          0 |         2 |  0.00 |
| PCIE4CE4             |    1 |     1 |          0 |         4 | 25.00 |
| SYSMONE4             |    0 |     0 |          0 |         3 |  0.00 |
+----------------------+------+-------+------------+-----------+-------+


8. CONFIGURATION
----------------

+-------------+------+-------+------------+-----------+-------+
|  Site Type  | Used | Fixed | Prohibited | Available | Util% |
+-------------+------+-------+------------+-----------+-------+
| BSCANE2     |    1 |     1 |          0 |        12 |  8.33 |
| DNA_PORTE2  |    0 |     0 |          0 |         3 |  0.00 |
| EFUSE_USR   |    0 |     0 |          0 |         3 |  0.00 |
| FRAME_ECCE4 |    0 |     0 |          0 |         3 |  0.00 |
| ICAPE3      |    1 |     1 |          0 |         6 | 16.67 |
| MASTER_JTAG |    0 |     0 |          0 |         3 |  0.00 |
| STARTUPE3   |    1 |     1 |          0 |         3 | 33.33 |
+-------------+------+-------+------------+-----------+-------+


9. Primitives
-------------

+----------------------+--------+---------------------+
|       Ref Name       |  Used  | Functional Category |
+----------------------+--------+---------------------+
| FDRE                 | 368285 |            Register |
| LUT6                 |  71770 |                 CLB |
| RAMD32               |  50090 |                 CLB |
| LUT3                 |  49599 |                 CLB |
| LUT5                 |  41042 |                 CLB |
| SRL16E               |  35820 |                 CLB |
| LUT4                 |  32165 |                 CLB |
| LUT2                 |  26139 |                 CLB |
| RAMD64E              |  18000 |                 CLB |
| FDSE                 |   7261 |            Register |
| RAMS32               |   7196 |                 CLB |
| LUT1                 |   6106 |                 CLB |
| SRLC32E              |   4216 |                 CLB |
| FDCE                 |   4152 |            Register |
| MUXF7                |   3735 |                 CLB |
| CARRY8               |   2498 |                 CLB |
| MUXF8                |    789 |                 CLB |
| FDPE                 |    498 |            Register |
| RAMB36E2             |    268 |            BLOCKRAM |
| DSP48E2              |     52 |          Arithmetic |
| AND2B1L              |     43 |              Others |
| RAMS64E              |     40 |                 CLB |
| URAM288              |     32 |            BLOCKRAM |
| BUFG_GT              |     22 |               Clock |
| BUFG_GT_SYNC         |     17 |               Clock |
| HBM_SNGLBLI_INTF_AXI |     16 |            Advanced |
| GTYE4_CHANNEL        |     16 |            Advanced |
| BUFGCE               |     16 |               Clock |
| SRLC16E              |     14 |                 CLB |
| OR2L                 |     11 |              Others |
| IBUFCTRL             |      8 |              Others |
| OBUF                 |      7 |                 I/O |
| INBUF                |      7 |                 I/O |
| RAMB18E2             |      5 |            BLOCKRAM |
| GTYE4_COMMON         |      4 |            Advanced |
| MMCME4_ADV           |      3 |               Clock |
| BUFGCTRL             |      2 |               Clock |
| STARTUPE3            |      1 |       Configuration |
| PLLE4_ADV            |      1 |               Clock |
| PCIE4CE4             |      1 |            Advanced |
| ICAPE3               |      1 |       Configuration |
| IBUFDS_GTE4          |      1 |                 I/O |
| HBM_SNGLBLI_INTF_APB |      1 |            Advanced |
| HBM_REF_CLK          |      1 |            Advanced |
| DIFFINBUF            |      1 |                 I/O |
| BUFGCE_DIV           |      1 |               Clock |
| BSCANE2              |      1 |       Configuration |
+----------------------+--------+---------------------+


10. Black Boxes
---------------

+----------+------+
| Ref Name | Used |
+----------+------+


11. Instantiated Netlists
-------------------------

+--------------------------------------------+------+
|                  Ref Name                  | Used |
+--------------------------------------------+------+
| xsdbm                                      |    1 |
| ulp_xbar_1                                 |    1 |
| ulp_xbar_0                                 |    1 |
| ulp_ulp_ucs_0                              |    1 |
| ulp_ulp_cmp_0                              |    1 |
| ulp_s00_regslice_17                        |    1 |
| ulp_s00_regslice_16                        |    1 |
| ulp_s00_regslice_15                        |    1 |
| ulp_regslice_control_userpf_2              |    1 |
| ulp_regslice_control_userpf_1              |    1 |
| ulp_regslice_control_userpf_0              |    1 |
| ulp_proc_sys_reset_kernel_slr0_0           |    1 |
| ulp_proc_sys_reset_ctrl_slr2_0             |    1 |
| ulp_proc_sys_reset_ctrl_slr1_0             |    1 |
| ulp_proc_sys_reset_ctrl_slr0_0             |    1 |
| ulp_m01_regslice_0                         |    1 |
| ulp_m00_regslice_0                         |    1 |
| ulp_ii_level0_wire_0                       |    1 |
| ulp_hmss_0_0                               |    1 |
| ulp_glay_kernel_1_0                        |    1 |
| ulp_axi_vip_data_0                         |    1 |
| ulp_axi_vip_ctrl_userpf_2                  |    1 |
| ulp_axi_vip_ctrl_userpf_1                  |    1 |
| ulp_axi_vip_ctrl_userpf_0                  |    1 |
| ulp_axi_gpio_null_2                        |    1 |
| ulp_axi_gpio_null_1                        |    1 |
| ulp_axi_gpio_null_0                        |    1 |
| ulp_auto_cc_3                              |    1 |
| ulp_auto_cc_2                              |    1 |
| ulp_auto_cc_1                              |    1 |
| ulp_auto_cc_0                              |    1 |
| ulp                                        |    1 |
| level0_ii_level0_pipe_0                    |    1 |
| blp_wrapper                                |    1 |
| bd_85ad_vip_S01_0                          |    1 |
| bd_85ad_vip_S00_0                          |    1 |
| bd_85ad_slice1_0_0                         |    1 |
| bd_85ad_slice0_1_0                         |    1 |
| bd_85ad_interconnect1_0_0                  |    1 |
| bd_85ad_interconnect0_1_0                  |    1 |
| bd_85ad_init_reduce_0                      |    1 |
| bd_85ad_hbm_reset_sync_SLR2_0              |    1 |
| bd_85ad_hbm_reset_sync_SLR0_0              |    1 |
| bd_85ad_hbm_inst_0                         |    1 |
| bd_85ad_axi_apb_bridge_inst_0              |    1 |
| bd_7cf0_bsip_0                             |    1 |
| bd_7cf0_bs_switch_1_0                      |    1 |
| bd_7cf0_axi_jtag_0                         |    1 |
| bd_58f6_xsdbm_0                            |    1 |
| bd_58f6_lut_buffer_0                       |    1 |
| bd_22c0_xbar_1                             |    1 |
| bd_22c0_xbar_0                             |    1 |
| bd_22c0_psreset_kernel_01_0                |    1 |
| bd_22c0_psreset_kernel_00_0                |    1 |
| bd_22c0_psreset_hbm_0                      |    1 |
| bd_22c0_psreset_aclk_freerun_0             |    1 |
| bd_22c0_gpio_ucs_control_status_0          |    1 |
| bd_22c0_gpio_gapping_demand_0              |    1 |
| bd_22c0_gapping_demand_update_0            |    1 |
| bd_22c0_gapping_demand_toggle_0            |    1 |
| bd_22c0_frequency_counter_aclk_kernel_01_0 |    1 |
| bd_22c0_frequency_counter_aclk_kernel_00_0 |    1 |
| bd_22c0_frequency_counter_aclk_hbm_0       |    1 |
| bd_22c0_frequency_counter_aclk_0           |    1 |
| bd_22c0_fanout_aresetn_pcie_slr2_4_0       |    1 |
| bd_22c0_fanout_aresetn_pcie_slr2_3_0       |    1 |
| bd_22c0_fanout_aresetn_pcie_slr2_2_0       |    1 |
| bd_22c0_fanout_aresetn_pcie_slr2_1_0       |    1 |
| bd_22c0_fanout_aresetn_pcie_slr1_4_0       |    1 |
| bd_22c0_fanout_aresetn_pcie_slr1_3_0       |    1 |
| bd_22c0_fanout_aresetn_pcie_slr1_2_0       |    1 |
| bd_22c0_fanout_aresetn_pcie_slr1_1_0       |    1 |
| bd_22c0_fanout_aresetn_pcie_slr0_4_0       |    1 |
| bd_22c0_fanout_aresetn_pcie_slr0_3_0       |    1 |
| bd_22c0_fanout_aresetn_pcie_slr0_2_0       |    1 |
| bd_22c0_fanout_aresetn_pcie_slr0_1_0       |    1 |
| bd_22c0_fanout_aresetn_kernel_01_slr2_4_0  |    1 |
| bd_22c0_fanout_aresetn_kernel_01_slr2_3_0  |    1 |
| bd_22c0_fanout_aresetn_kernel_01_slr2_2_0  |    1 |
| bd_22c0_fanout_aresetn_kernel_01_slr2_1_0  |    1 |
| bd_22c0_fanout_aresetn_kernel_01_slr1_4_0  |    1 |
| bd_22c0_fanout_aresetn_kernel_01_slr1_3_0  |    1 |
| bd_22c0_fanout_aresetn_kernel_01_slr1_2_0  |    1 |
| bd_22c0_fanout_aresetn_kernel_01_slr1_1_0  |    1 |
| bd_22c0_fanout_aresetn_kernel_01_slr0_4_0  |    1 |
| bd_22c0_fanout_aresetn_kernel_01_slr0_3_0  |    1 |
| bd_22c0_fanout_aresetn_kernel_01_slr0_2_0  |    1 |
| bd_22c0_fanout_aresetn_kernel_01_slr0_1_0  |    1 |
| bd_22c0_fanout_aresetn_kernel_00_slr2_4_0  |    1 |
| bd_22c0_fanout_aresetn_kernel_00_slr2_3_0  |    1 |
| bd_22c0_fanout_aresetn_kernel_00_slr2_2_0  |    1 |
| bd_22c0_fanout_aresetn_kernel_00_slr2_1_0  |    1 |
| bd_22c0_fanout_aresetn_kernel_00_slr1_4_0  |    1 |
| bd_22c0_fanout_aresetn_kernel_00_slr1_3_0  |    1 |
| bd_22c0_fanout_aresetn_kernel_00_slr1_2_0  |    1 |
| bd_22c0_fanout_aresetn_kernel_00_slr1_1_0  |    1 |
| bd_22c0_fanout_aresetn_kernel_00_slr0_4_0  |    1 |
| bd_22c0_fanout_aresetn_kernel_00_slr0_3_0  |    1 |
| bd_22c0_fanout_aresetn_kernel_00_slr0_2_0  |    1 |
| bd_22c0_fanout_aresetn_kernel_00_slr0_1_0  |    1 |
| bd_22c0_fanout_aresetn_hbm_0               |    1 |
| bd_22c0_fanout_aresetn_ctrl_slr2_4_0       |    1 |
| bd_22c0_fanout_aresetn_ctrl_slr2_3_0       |    1 |
| bd_22c0_fanout_aresetn_ctrl_slr2_2_0       |    1 |
| bd_22c0_fanout_aresetn_ctrl_slr2_1_0       |    1 |
| bd_22c0_fanout_aresetn_ctrl_slr1_4_0       |    1 |
| bd_22c0_fanout_aresetn_ctrl_slr1_3_0       |    1 |
| bd_22c0_fanout_aresetn_ctrl_slr1_2_0       |    1 |
| bd_22c0_fanout_aresetn_ctrl_slr1_1_0       |    1 |
| bd_22c0_fanout_aresetn_ctrl_slr0_4_0       |    1 |
| bd_22c0_fanout_aresetn_ctrl_slr0_3_0       |    1 |
| bd_22c0_fanout_aresetn_ctrl_slr0_2_0       |    1 |
| bd_22c0_fanout_aresetn_ctrl_slr0_1_0       |    1 |
| bd_22c0_clock_throttling_avg_0             |    1 |
| bd_22c0_clock_throttling_aclk_kernel_01_0  |    1 |
| bd_22c0_clock_throttling_aclk_kernel_00_0  |    1 |
| bd_22c0_clock_shutdown_latch_0             |    1 |
| bd_22c0_clkwiz_hbm_0                       |    1 |
| bd_22c0_clkwiz_aclk_kernel_01_0            |    1 |
| bd_22c0_clkwiz_aclk_kernel_00_0            |    1 |
| bd_22c0_clk_hbm_adapt_0                    |    1 |
| bd_22c0_build_info_0                       |    1 |
| bd_22c0_auto_cc_0                          |    1 |
| bd_22c0_aclk_kernel_01_cont_adapt_0        |    1 |
| bd_22c0_aclk_kernel_01_adapt_0             |    1 |
| bd_22c0_aclk_kernel_00_cont_adapt_0        |    1 |
| bd_22c0_aclk_kernel_00_adapt_0             |    1 |
| bd_097b_user_debug_hub_0                   |    1 |
| bd_097b_user_debug_bridge_0                |    1 |
| bd_097b_build_info_0                       |    1 |
+--------------------------------------------+------+


12. SLR Connectivity
--------------------

+----------------------------------+-------+-------+-----------+-------+
|                                  |  Used | Fixed | Available | Util% |
+----------------------------------+-------+-------+-----------+-------+
| SLR2 <-> SLR1                    |  5216 |       |     23040 | 22.64 |
|   SLR1 -> SLR2                   |  2619 |       |           | 11.37 |
|     Using TX_REG only            |     0 |     0 |           |       |
|     Using RX_REG only            |     0 |     0 |           |       |
|     Using Both TX_REG and RX_REG |     0 |     0 |           |       |
|   SLR2 -> SLR1                   |  2597 |       |           | 11.27 |
|     Using TX_REG only            |     0 |     0 |           |       |
|     Using RX_REG only            |     0 |     0 |           |       |
|     Using Both TX_REG and RX_REG |     0 |     0 |           |       |
| SLR1 <-> SLR0                    |  7236 |       |     23040 | 31.41 |
|   SLR0 -> SLR1                   |  3330 |       |           | 14.45 |
|     Using TX_REG only            |     0 |     0 |           |       |
|     Using RX_REG only            |     0 |     0 |           |       |
|     Using Both TX_REG and RX_REG |     0 |     0 |           |       |
|   SLR1 -> SLR0                   |  3906 |       |           | 16.95 |
|     Using TX_REG only            |     0 |     0 |           |       |
|     Using RX_REG only            |     0 |     0 |           |       |
|     Using Both TX_REG and RX_REG |     0 |     0 |           |       |
+----------------------------------+-------+-------+-----------+-------+
| Total SLLs Used                  | 12452 |       |           |       |
+----------------------------------+-------+-------+-----------+-------+


13. SLR Connectivity Matrix
---------------------------

+-----------+------+------+------+
| FROM \ TO | SLR2 | SLR1 | SLR0 |
+-----------+------+------+------+
| SLR2      |    0 | 2505 |   92 |
| SLR1      | 2552 |    0 | 3814 |
| SLR0      |   67 | 3263 |    0 |
+-----------+------+------+------+


14. SLR CLB Logic and Dedicated Block Utilization
-------------------------------------------------

+----------------------------+--------+-------+-------+--------+--------+--------+
|          Site Type         |  SLR0  |  SLR1 |  SLR2 | SLR0 % | SLR1 % | SLR2 % |
+----------------------------+--------+-------+-------+--------+--------+--------+
| CLB                        |  39709 | 11173 |  7355 |  72.25 |  20.69 |  13.62 |
|   CLBL                     |  20007 |  6105 |  3861 |  68.33 |  20.85 |  13.19 |
|   CLBM                     |  19702 |  5068 |  3494 |  76.72 |  20.50 |  14.13 |
| CLB LUTs                   | 170912 | 62974 | 26081 |  38.87 |  14.58 |   6.04 |
|   LUT as Logic             | 101164 | 59130 | 24551 |  23.01 |  13.69 |   5.68 |
|     using O5 output only   |   3302 |   908 |   464 |   0.75 |   0.21 |   0.11 |
|     using O6 output only   |  77374 | 43411 | 17410 |  17.60 |  10.05 |   4.03 |
|     using O5 and O6        |  20488 | 14811 |  6677 |   4.66 |   3.43 |   1.55 |
|   LUT as Memory            |  69748 |  3844 |  1530 |  33.95 |   1.94 |   0.77 |
|     LUT as Distributed RAM |  42206 |  3706 |   820 |  20.54 |   1.87 |   0.41 |
|       using O5 output only |      0 |     0 |     0 |   0.00 |   0.00 |   0.00 |
|       using O6 output only |  17748 |   386 |     4 |   8.64 |   0.20 |  <0.01 |
|       using O5 and O6      |  24458 |  3320 |   816 |  11.91 |   1.68 |   0.41 |
|     LUT as Shift Register  |  27542 |   138 |   710 |  13.41 |   0.07 |   0.36 |
|       using O5 output only |     24 |     0 |     0 |   0.01 |   0.00 |   0.00 |
|       using O6 output only |  15948 |    82 |   676 |   7.76 |   0.04 |   0.34 |
|       using O5 and O6      |  11570 |    56 |    34 |   5.63 |   0.03 |   0.02 |
| CLB Registers              | 269982 | 74917 | 35351 |  30.70 |   8.67 |   4.09 |
| CARRY8                     |   1737 |   651 |   110 |   3.16 |   1.21 |   0.20 |
| F7 Muxes                   |   1737 |  1561 |   437 |   0.79 |   0.72 |   0.20 |
| F8 Muxes                   |    457 |   332 |     0 |   0.42 |   0.31 |   0.00 |
| F9 Muxes                   |      0 |     0 |     0 |   0.00 |   0.00 |   0.00 |
| Block RAM Tile             |  138.5 |    82 |    50 |  20.61 |  12.20 |   7.44 |
|   RAMB36/FIFO              |    137 |    81 |    50 |  20.39 |  12.05 |   7.44 |
|   RAMB18                   |      3 |     2 |     0 |   0.22 |   0.15 |   0.00 |
| URAM                       |     32 |     0 |     0 |  10.00 |   0.00 |   0.00 |
| DSPs                       |     48 |     0 |     4 |   1.67 |   0.00 |   0.13 |
| Unique Control Sets        |   6239 |  3649 |  1160 |   5.68 |   3.38 |   1.07 |
+----------------------------+--------+-------+-------+--------+--------+--------+
* Note: Available Control Sets based on CLB Registers / 8


15. SLR IO Utilization
----------------------

+-----------+-----------+---------+------------+----------+------------+----------+-----+
| SLR Index | Used IOBs | (%)IOBs | Used IPADs | (%)IPADs | Used OPADs | (%)OPADs | GTs |
+-----------+-----------+---------+------------+----------+------------+----------+-----+
| SLR2      |        15 |    7.21 |          0 |     0.00 |          0 |     0.00 |   0 |
| SLR1      |         0 |    0.00 |          0 |     0.00 |          0 |     0.00 |   0 |
| SLR0      |         1 |    0.48 |          0 |     0.00 |          0 |     0.00 |  16 |
+-----------+-----------+---------+------------+----------+------------+----------+-----+
| Total     |        16 |         |          0 |          |          0 |          |  16 |
+-----------+-----------+---------+------------+----------+------------+----------+-----+


