

================================================================
== Vitis HLS Report for 'glay_kernel'
================================================================
* Date:           Mon Nov 14 23:17:03 2022

* Version:        2022.1.2 (Build 3605665 on Fri Aug  5 22:52:02 MDT 2022)
* Project:        prj
* Solution:       sol (Vitis Kernel Flow Target)
* Product family: virtexuplus
* Target device:  xcu250-figd2104-2L-e


================================================================
== Performance Estimates
================================================================
+ Timing: 
    * Summary: 
    +--------+----------+----------+------------+
    |  Clock |  Target  | Estimated| Uncertainty|
    +--------+----------+----------+------------+
    |ap_clk  |  10.00 ns|  7.300 ns|     2.70 ns|
    +--------+----------+----------+------------+

+ Latency: 
    * Summary: 
    +---------+---------+----------+----------+-------+-------+---------+
    |  Latency (cycles) |  Latency (absolute) |    Interval   | Pipeline|
    |   min   |   max   |    min   |    max   |  min  |  max  |   Type  |
    +---------+---------+----------+----------+-------+-------+---------+
    |    12440|    12440|  0.124 ms|  0.124 ms|  12441|  12441|       no|
    +---------+---------+----------+----------+-------+-------+---------+

    + Detail: 
        * Instance: 
        +-------------------------------------------------+--------------------------------------+---------+---------+-----------+-----------+------+------+---------+
        |                                                 |                                      |  Latency (cycles) |   Latency (absolute)  |   Interval  | Pipeline|
        |                     Instance                    |                Module                |   min   |   max   |    min    |    max    |  min |  max |   Type  |
        +-------------------------------------------------+--------------------------------------+---------+---------+-----------+-----------+------+------+---------+
        |grp_glay_kernel_Pipeline_1_fu_119                |glay_kernel_Pipeline_1                |     4099|     4099|  40.990 us|  40.990 us|  4099|  4099|       no|
        |grp_glay_kernel_Pipeline_VITIS_LOOP_74_1_fu_127  |glay_kernel_Pipeline_VITIS_LOOP_74_1  |     4098|     4098|  40.980 us|  40.980 us|  4098|  4098|       no|
        |grp_glay_kernel_Pipeline_3_fu_133                |glay_kernel_Pipeline_3                |     4099|     4099|  40.990 us|  40.990 us|  4099|  4099|       no|
        +-------------------------------------------------+--------------------------------------+---------+---------+-----------+-----------+------+------+---------+

        * Loop: 
        N/A



================================================================
== Utilization Estimates
================================================================
* Summary: 
+---------------------+---------+-------+---------+---------+------+
|         Name        | BRAM_18K|  DSP  |    FF   |   LUT   | URAM |
+---------------------+---------+-------+---------+---------+------+
|DSP                  |        -|      -|        -|        -|     -|
|Expression           |        -|      -|        0|        2|     -|
|FIFO                 |        -|      -|        -|        -|     -|
|Instance             |        0|      -|     6835|     9928|     0|
|Memory               |       32|      -|        0|        0|     0|
|Multiplexer          |        -|      -|        -|      995|     -|
|Register             |        -|      -|      274|        -|     -|
+---------------------+---------+-------+---------+---------+------+
|Total                |       32|      0|     7109|    10925|     0|
+---------------------+---------+-------+---------+---------+------+
|Available SLR        |     1344|   3072|   864000|   432000|   320|
+---------------------+---------+-------+---------+---------+------+
|Utilization SLR (%)  |        2|      0|       ~0|        2|     0|
+---------------------+---------+-------+---------+---------+------+
|Available            |     5376|  12288|  3456000|  1728000|  1280|
+---------------------+---------+-------+---------+---------+------+
|Utilization (%)      |       ~0|      0|       ~0|       ~0|     0|
+---------------------+---------+-------+---------+---------+------+

+ Detail: 
    * Instance: 
    +-------------------------------------------------+--------------------------------------+---------+----+------+------+-----+
    |                     Instance                    |                Module                | BRAM_18K| DSP|  FF  |  LUT | URAM|
    +-------------------------------------------------+--------------------------------------+---------+----+------+------+-----+
    |control_s_axi_U                                  |control_s_axi                         |        0|   0|   666|  1192|    0|
    |grp_glay_kernel_Pipeline_1_fu_119                |glay_kernel_Pipeline_1                |        0|   0|  1040|   117|    0|
    |grp_glay_kernel_Pipeline_3_fu_133                |glay_kernel_Pipeline_3                |        0|   0|   533|   509|    0|
    |grp_glay_kernel_Pipeline_VITIS_LOOP_74_1_fu_127  |glay_kernel_Pipeline_VITIS_LOOP_74_1  |        0|   0|    29|   109|    0|
    |m00_axi_m_axi_U                                  |m00_axi_m_axi                         |        0|   0|  4567|  8001|    0|
    +-------------------------------------------------+--------------------------------------+---------+----+------+------+-----+
    |Total                                            |                                      |        0|   0|  6835|  9928|    0|
    +-------------------------------------------------+--------------------------------------+---------+----+------+------+-----+

    * DSP: 
    N/A

    * Memory: 
    +-------------------------+------------------------------------+---------+---+----+-----+------+-----+------+-------------+
    |          Memory         |               Module               | BRAM_18K| FF| LUT| URAM| Words| Bits| Banks| W*Bits*Banks|
    +-------------------------+------------------------------------+---------+---+----+-----+------+-----+------+-------------+
    |m00_axi_input_buffer_U   |m00_axi_input_buffer_RAM_AUTO_1R1W  |       16|  0|   0|    0|  8192|   32|     1|       262144|
    |m00_axi_output_buffer_U  |m00_axi_input_buffer_RAM_AUTO_1R1W  |       16|  0|   0|    0|  8192|   32|     1|       262144|
    +-------------------------+------------------------------------+---------+---+----+-----+------+-----+------+-------------+
    |Total                    |                                    |       32|  0|   0|    0| 16384|   64|     2|       524288|
    +-------------------------+------------------------------------+---------+---+----+-----+------+-----+------+-------------+

    * FIFO: 
    N/A

    * Expression: 
    +-----------------+----------+----+---+----+------------+------------+
    |  Variable Name  | Operation| DSP| FF| LUT| Bitwidth P0| Bitwidth P1|
    +-----------------+----------+----+---+----+------------+------------+
    |ap_block_state1  |        or|   0|  0|   2|           1|           1|
    +-----------------+----------+----+---+----+------------+------------+
    |Total            |          |   0|  0|   2|           1|           1|
    +-----------------+----------+----+---+----+------------+------------+

    * Multiplexer: 
    +--------------------------------+-----+-----------+-----+-----------+
    |              Name              | LUT | Input Size| Bits| Total Bits|
    +--------------------------------+-----+-----------+-----+-----------+
    |ap_NS_fsm                       |  769|        146|    1|        146|
    |ap_done                         |    9|          2|    1|          2|
    |m00_axi_ARADDR                  |   14|          3|   64|        192|
    |m00_axi_ARLEN                   |   14|          3|   32|         96|
    |m00_axi_ARVALID                 |   14|          3|    1|          3|
    |m00_axi_AWADDR                  |   14|          3|   64|        192|
    |m00_axi_AWLEN                   |   14|          3|   32|         96|
    |m00_axi_AWVALID                 |   14|          3|    1|          3|
    |m00_axi_BREADY                  |   14|          3|    1|          3|
    |m00_axi_RREADY                  |    9|          2|    1|          2|
    |m00_axi_WVALID                  |    9|          2|    1|          2|
    |m00_axi_blk_n_AR                |    9|          2|    1|          2|
    |m00_axi_blk_n_AW                |    9|          2|    1|          2|
    |m00_axi_blk_n_B                 |    9|          2|    1|          2|
    |m00_axi_input_buffer_address0   |   14|          3|   13|         39|
    |m00_axi_input_buffer_ce0        |   14|          3|    1|          3|
    |m00_axi_input_buffer_we0        |    9|          2|    1|          2|
    |m00_axi_output_buffer_address0  |   14|          3|   13|         39|
    |m00_axi_output_buffer_ce0       |   14|          3|    1|          3|
    |m00_axi_output_buffer_we0       |    9|          2|    1|          2|
    +--------------------------------+-----+-----------+-----+-----------+
    |Total                           |  995|        195|  232|        831|
    +--------------------------------+-----+-----------+-----+-----------+

    * Register: 
    +--------------------------------------------------------------+-----+----+-----+-----------+
    |                             Name                             |  FF | LUT| Bits| Const Bits|
    +--------------------------------------------------------------+-----+----+-----+-----------+
    |ap_CS_fsm                                                     |  145|   0|  145|          0|
    |ap_done_reg                                                   |    1|   0|    1|          0|
    |ap_rst_n_inv                                                  |    1|   0|    1|          0|
    |ap_rst_reg_1                                                  |    1|   0|    1|          0|
    |ap_rst_reg_2                                                  |    1|   0|    1|          0|
    |grp_glay_kernel_Pipeline_1_fu_119_ap_start_reg                |    1|   0|    1|          0|
    |grp_glay_kernel_Pipeline_3_fu_133_ap_start_reg                |    1|   0|    1|          0|
    |grp_glay_kernel_Pipeline_VITIS_LOOP_74_1_fu_127_ap_start_reg  |    1|   0|    1|          0|
    |m00_axi_addr_reg_168                                          |   64|   0|   64|          0|
    |trunc_ln_reg_161                                              |   58|   0|   58|          0|
    +--------------------------------------------------------------+-----+----+-----+-----------+
    |Total                                                         |  274|   0|  274|          0|
    +--------------------------------------------------------------+-----+----+-----+-----------+



================================================================
== Interface
================================================================
* Summary: 
+------------------------+-----+-----+---------------+--------------+--------------+
|        RTL Ports       | Dir | Bits|    Protocol   | Source Object|    C Type    |
+------------------------+-----+-----+---------------+--------------+--------------+
|s_axi_control_AWVALID   |   in|    1|          s_axi|       control|        scalar|
|s_axi_control_AWREADY   |  out|    1|          s_axi|       control|        scalar|
|s_axi_control_AWADDR    |   in|    7|          s_axi|       control|        scalar|
|s_axi_control_WVALID    |   in|    1|          s_axi|       control|        scalar|
|s_axi_control_WREADY    |  out|    1|          s_axi|       control|        scalar|
|s_axi_control_WDATA     |   in|   32|          s_axi|       control|        scalar|
|s_axi_control_WSTRB     |   in|    4|          s_axi|       control|        scalar|
|s_axi_control_ARVALID   |   in|    1|          s_axi|       control|        scalar|
|s_axi_control_ARREADY   |  out|    1|          s_axi|       control|        scalar|
|s_axi_control_ARADDR    |   in|    7|          s_axi|       control|        scalar|
|s_axi_control_RVALID    |  out|    1|          s_axi|       control|        scalar|
|s_axi_control_RREADY    |   in|    1|          s_axi|       control|        scalar|
|s_axi_control_RDATA     |  out|   32|          s_axi|       control|        scalar|
|s_axi_control_RRESP     |  out|    2|          s_axi|       control|        scalar|
|s_axi_control_BVALID    |  out|    1|          s_axi|       control|        scalar|
|s_axi_control_BREADY    |   in|    1|          s_axi|       control|        scalar|
|s_axi_control_BRESP     |  out|    2|          s_axi|       control|        scalar|
|ap_clk                  |   in|    1|  ap_ctrl_chain|   glay_kernel|  return value|
|ap_rst_n                |   in|    1|  ap_ctrl_chain|   glay_kernel|  return value|
|interrupt               |  out|    1|  ap_ctrl_chain|   glay_kernel|  return value|
|m_axi_m00_axi_AWVALID   |  out|    1|          m_axi|       m00_axi|       pointer|
|m_axi_m00_axi_AWREADY   |   in|    1|          m_axi|       m00_axi|       pointer|
|m_axi_m00_axi_AWADDR    |  out|   64|          m_axi|       m00_axi|       pointer|
|m_axi_m00_axi_AWID      |  out|    1|          m_axi|       m00_axi|       pointer|
|m_axi_m00_axi_AWLEN     |  out|    8|          m_axi|       m00_axi|       pointer|
|m_axi_m00_axi_AWSIZE    |  out|    3|          m_axi|       m00_axi|       pointer|
|m_axi_m00_axi_AWBURST   |  out|    2|          m_axi|       m00_axi|       pointer|
|m_axi_m00_axi_AWLOCK    |  out|    2|          m_axi|       m00_axi|       pointer|
|m_axi_m00_axi_AWCACHE   |  out|    4|          m_axi|       m00_axi|       pointer|
|m_axi_m00_axi_AWPROT    |  out|    3|          m_axi|       m00_axi|       pointer|
|m_axi_m00_axi_AWQOS     |  out|    4|          m_axi|       m00_axi|       pointer|
|m_axi_m00_axi_AWREGION  |  out|    4|          m_axi|       m00_axi|       pointer|
|m_axi_m00_axi_AWUSER    |  out|    1|          m_axi|       m00_axi|       pointer|
|m_axi_m00_axi_WVALID    |  out|    1|          m_axi|       m00_axi|       pointer|
|m_axi_m00_axi_WREADY    |   in|    1|          m_axi|       m00_axi|       pointer|
|m_axi_m00_axi_WDATA     |  out|  512|          m_axi|       m00_axi|       pointer|
|m_axi_m00_axi_WSTRB     |  out|   64|          m_axi|       m00_axi|       pointer|
|m_axi_m00_axi_WLAST     |  out|    1|          m_axi|       m00_axi|       pointer|
|m_axi_m00_axi_WID       |  out|    1|          m_axi|       m00_axi|       pointer|
|m_axi_m00_axi_WUSER     |  out|    1|          m_axi|       m00_axi|       pointer|
|m_axi_m00_axi_ARVALID   |  out|    1|          m_axi|       m00_axi|       pointer|
|m_axi_m00_axi_ARREADY   |   in|    1|          m_axi|       m00_axi|       pointer|
|m_axi_m00_axi_ARADDR    |  out|   64|          m_axi|       m00_axi|       pointer|
|m_axi_m00_axi_ARID      |  out|    1|          m_axi|       m00_axi|       pointer|
|m_axi_m00_axi_ARLEN     |  out|    8|          m_axi|       m00_axi|       pointer|
|m_axi_m00_axi_ARSIZE    |  out|    3|          m_axi|       m00_axi|       pointer|
|m_axi_m00_axi_ARBURST   |  out|    2|          m_axi|       m00_axi|       pointer|
|m_axi_m00_axi_ARLOCK    |  out|    2|          m_axi|       m00_axi|       pointer|
|m_axi_m00_axi_ARCACHE   |  out|    4|          m_axi|       m00_axi|       pointer|
|m_axi_m00_axi_ARPROT    |  out|    3|          m_axi|       m00_axi|       pointer|
|m_axi_m00_axi_ARQOS     |  out|    4|          m_axi|       m00_axi|       pointer|
|m_axi_m00_axi_ARREGION  |  out|    4|          m_axi|       m00_axi|       pointer|
|m_axi_m00_axi_ARUSER    |  out|    1|          m_axi|       m00_axi|       pointer|
|m_axi_m00_axi_RVALID    |   in|    1|          m_axi|       m00_axi|       pointer|
|m_axi_m00_axi_RREADY    |  out|    1|          m_axi|       m00_axi|       pointer|
|m_axi_m00_axi_RDATA     |   in|  512|          m_axi|       m00_axi|       pointer|
|m_axi_m00_axi_RLAST     |   in|    1|          m_axi|       m00_axi|       pointer|
|m_axi_m00_axi_RID       |   in|    1|          m_axi|       m00_axi|       pointer|
|m_axi_m00_axi_RUSER     |   in|    1|          m_axi|       m00_axi|       pointer|
|m_axi_m00_axi_RRESP     |   in|    2|          m_axi|       m00_axi|       pointer|
|m_axi_m00_axi_BVALID    |   in|    1|          m_axi|       m00_axi|       pointer|
|m_axi_m00_axi_BREADY    |  out|    1|          m_axi|       m00_axi|       pointer|
|m_axi_m00_axi_BRESP     |   in|    2|          m_axi|       m00_axi|       pointer|
|m_axi_m00_axi_BID       |   in|    1|          m_axi|       m00_axi|       pointer|
|m_axi_m00_axi_BUSER     |   in|    1|          m_axi|       m00_axi|       pointer|
+------------------------+-----+-----+---------------+--------------+--------------+

